<?xml version="1.0" encoding="UTF-8"?>
<testsuite name="com.tcc.ml_backend.MlBackendApplicationTests" tests="1" skipped="0" failures="0" errors="0" timestamp="2024-10-30T23:52:23" hostname="MacBook-Air-de-Joao-2.local" time="0.374">
  <properties/>
  <testcase name="contextLoads()" classname="com.tcc.ml_backend.MlBackendApplicationTests" time="0.374"/>
  <system-out><![CDATA[20:52:22.305 [Test worker] INFO org.springframework.test.context.support.AnnotationConfigContextLoaderUtils -- Could not detect default configuration classes for test class [com.tcc.ml_backend.MlBackendApplicationTests]: MlBackendApplicationTests does not declare any static, non-private, non-final, nested classes annotated with @Configuration.
20:52:22.336 [Test worker] INFO org.springframework.boot.test.context.SpringBootTestContextBootstrapper -- Found @SpringBootConfiguration com.tcc.ml_backend.MlBackendApplication for test class com.tcc.ml_backend.MlBackendApplicationTests

  .   ____          _            __ _ _
 /\\ / ___'_ __ _ _(_)_ __  __ _ \ \ \ \
( ( )\___ | '_ | '_| | '_ \/ _` | \ \ \ \
 \\/  ___)| |_)| | | | | || (_| |  ) ) ) )
  '  |____| .__|_| |_|_| |_\__, | / / / /
 =========|_|==============|___/=/_/_/_/

 :: Spring Boot ::                (v3.3.4)

2024-10-30T20:52:22.449-03:00  INFO 83458 --- [ml-backend] [    Test worker] c.t.m.MlBackendApplicationTests          : Starting MlBackendApplicationTests using Java 21.0.4 with PID 83458 (started by joaolucasfreitasdealmeidarocha in /Users/joaolucasfreitasdealmeidarocha/Documents/HoneyDashesTCC/ml-backend)
2024-10-30T20:52:22.449-03:00  INFO 83458 --- [ml-backend] [    Test worker] c.t.m.MlBackendApplicationTests          : The following 1 profile is active: "dev"
2024-10-30T20:52:22.983-03:00  INFO 83458 --- [ml-backend] [    Test worker] o.s.b.a.e.web.EndpointLinksResolver      : Exposing 1 endpoint beneath base path '/actuator'
2024-10-30T20:52:23.009-03:00  INFO 83458 --- [ml-backend] [    Test worker] c.t.m.MlBackendApplicationTests          : Started MlBackendApplicationTests in 0.629 seconds (process running for 1.04)
]]></system-out>
  <system-err><![CDATA[WARNING: A Java agent has been loaded dynamically (/Users/joaolucasfreitasdealmeidarocha/.gradle/caches/modules-2/files-2.1/net.bytebuddy/byte-buddy-agent/1.14.19/154da3a65b4f4a909d3e5bdec55d1b2b4cbb6ce1/byte-buddy-agent-1.14.19.jar)
WARNING: If a serviceability tool is in use, please run with -XX:+EnableDynamicAgentLoading to hide this warning
WARNING: If a serviceability tool is not in use, please run with -Djdk.instrument.traceUsage for more information
WARNING: Dynamic loading of agents will be disallowed by default in a future release
]]></system-err>
</testsuite>
